/sw/apps/bioinfo/quast/4.5.4/rackham/bin/quast.py /pica/h1/zhiwei94/Genome-Analysis/analyses/07_Pilon_polish/Durio_zibe_PilonPolished.fasta -R /home/zhiwei94/Genome-Analysis/analyses/01_PacBio_genome_assembly/contig_download/sequence.fasta

Version: 4.5.4

System information:
  OS: Linux-3.10.0-693.21.1.el7.x86_64-x86_64-with-centos-7.4.1708-Core (linux_64)
  Python version: 2.7.6
  CPUs number: 40

Started: 2018-05-01 20:05:10

Logging to /pica/h1/zhiwei94/Genome-Analysis/analyses/07_Pilon_polish/quast_results/results_2018_05_01_20_05_10/quast.log
NOTICE: Maximum number of threads is set to 10 (use --threads option to set it manually)

CWD: /pica/h1/zhiwei94/Genome-Analysis/analyses/07_Pilon_polish
Main parameters: 
  Threads: 10, minimum contig length: 500, ambiguity: one, threshold for extensive misassembly size: 1000

Reference:
  /home/zhiwei94/Genome-Analysis/analyses/01_PacBio_genome_assembly/contig_download/sequence.fasta ==> sequence

Contigs:
  Pre-processing...
  /pica/h1/zhiwei94/Genome-Analysis/analyses/07_Pilon_polish/Durio_zibe_PilonPolished.fasta ==> Durio_zibe_PilonPolished

2018-05-01 20:05:26
Running Basic statistics processor...
  Reference genome:
    sequence.fasta, length = 23775123, num fragments = 1, GC % = 30.18
  Contig files: 
    Durio_zibe_PilonPolished
  Calculating N50 and L50...
    Durio_zibe_PilonPolished, N50 = 287196, L50 = 26, Total length = 31333134, GC % = 31.05, # N's per 100 kbp =  0.00
  Drawing Nx plot...
    saved to /pica/h1/zhiwei94/Genome-Analysis/analyses/07_Pilon_polish/quast_results/results_2018_05_01_20_05_10/basic_stats/Nx_plot.pdf
  Drawing NGx plot...
    saved to /pica/h1/zhiwei94/Genome-Analysis/analyses/07_Pilon_polish/quast_results/results_2018_05_01_20_05_10/basic_stats/NGx_plot.pdf
  Drawing cumulative plot...
    saved to /pica/h1/zhiwei94/Genome-Analysis/analyses/07_Pilon_polish/quast_results/results_2018_05_01_20_05_10/basic_stats/cumulative_plot.pdf
  Drawing GC content plot...
    saved to /pica/h1/zhiwei94/Genome-Analysis/analyses/07_Pilon_polish/quast_results/results_2018_05_01_20_05_10/basic_stats/GC_content_plot.pdf
  Drawing Durio_zibe_PilonPolished GC content plot...
    saved to /pica/h1/zhiwei94/Genome-Analysis/analyses/07_Pilon_polish/quast_results/results_2018_05_01_20_05_10/basic_stats/Durio_zibe_PilonPolished_GC_content_plot.pdf
Done.

2018-05-01 20:05:34
Running Contig analyzer...
  Durio_zibe_PilonPolished
  Logging to files /pica/h1/zhiwei94/Genome-Analysis/analyses/07_Pilon_polish/quast_results/results_2018_05_01_20_05_10/contigs_reports/contigs_report_Durio_zibe_PilonPolished.stdout and contigs_report_Durio_zibe_PilonPolished.stderr...
  Aligning contigs to the reference
  /sw/apps/bioinfo/quast/4.5.4/rackham/lib/python2.7/site-packages/quast_libs/MUMmer/nucmer \
  -c 65 -l 65 --maxmatch -p quast_results/results_2018_05_01_20_05_10/contigs_reports/nucmer_output/Durio_zibe_PilonPolished \
  --emem -t 10 quast_results/results_2018_05_01_20_05_10/quast_corrected_input/sequence.fasta \
  quast_results/results_2018_05_01_20_05_10/quast_corrected_input/Durio_zibe_PilonPolished.fasta \
  >> quast_results/results_2018_05_01_20_05_10/contigs_reports/contigs_report_Durio_zibe_PilonPolished.stdout \
  2>> quast_results/results_2018_05_01_20_05_10/contigs_reports/contigs_report_Durio_zibe_PilonPolished.stderr
  /sw/apps/bioinfo/quast/4.5.4/rackham/lib/python2.7/site-packages/quast_libs/MUMmer/delta-filter \
  -i 95.0 -l 0 quast_results/results_2018_05_01_20_05_10/contigs_reports/nucmer_output/Durio_zibe_PilonPolished.delta \
  > quast_results/results_2018_05_01_20_05_10/contigs_reports/nucmer_output/Durio_zibe_PilonPolished.fdelta \
  2> quast_results/results_2018_05_01_20_05_10/contigs_reports/contigs_report_Durio_zibe_PilonPolished.stderr
  /sw/apps/bioinfo/quast/4.5.4/rackham/lib/python2.7/site-packages/quast_libs/MUMmer/mummerplot \
  --html --layout -p quast_results/results_2018_05_01_20_05_10/contigs_reports/nucmer_output/Durio_zibe_PilonPolished \
  quast_results/results_2018_05_01_20_05_10/contigs_reports/nucmer_output/Durio_zibe_PilonPolished.delta \
  > quast_results/results_2018_05_01_20_05_10/contigs_reports/contigs_report_Durio_zibe_PilonPolished.stdout \
  2> quast_results/results_2018_05_01_20_05_10/contigs_reports/contigs_report_Durio_zibe_PilonPolished.stderr
  /sw/apps/bioinfo/quast/4.5.4/rackham/lib/python2.7/site-packages/quast_libs/gnuplot/src/gnuplot \
  quast_results/results_2018_05_01_20_05_10/contigs_reports/nucmer_output/Durio_zibe_PilonPolished.gp \
  > /dev/null 2> quast_results/results_2018_05_01_20_05_10/contigs_reports/contigs_report_Durio_zibe_PilonPolished.stderr
  MUMmer plot saved to /pica/h1/zhiwei94/Genome-Analysis/analyses/07_Pilon_polish/quast_results/results_2018_05_01_20_05_10/contigs_reports/Durio_zibe_PilonPolished_mummerplot.html
  /sw/apps/bioinfo/quast/4.5.4/rackham/lib/python2.7/site-packages/quast_libs/MUMmer/show-coords \
  quast_results/results_2018_05_01_20_05_10/contigs_reports/nucmer_output/Durio_zibe_PilonPolished.delta \
  > quast_results/results_2018_05_01_20_05_10/contigs_reports/nucmer_output/Durio_zibe_PilonPolished.coords_tmp \
  2> quast_results/results_2018_05_01_20_05_10/contigs_reports/contigs_report_Durio_zibe_PilonPolished.stderr
  /sw/apps/bioinfo/quast/4.5.4/rackham/lib/python2.7/site-packages/quast_libs/MUMmer/show-snps \
  -S -T -H quast_results/results_2018_05_01_20_05_10/contigs_reports/nucmer_output/Durio_zibe_PilonPolished.delta \
  < quast_results/results_2018_05_01_20_05_10/contigs_reports/nucmer_output/Durio_zibe_PilonPolished.coords.headless \
  > quast_results/results_2018_05_01_20_05_10/contigs_reports/nucmer_output/Durio_zibe_PilonPolished.all_snps \
  2> quast_results/results_2018_05_01_20_05_10/contigs_reports/contigs_report_Durio_zibe_PilonPolished.stderr
  Analysis is finished.

  Gzipping /pica/h1/zhiwei94/Genome-Analysis/analyses/07_Pilon_polish/quast_results/results_2018_05_01_20_05_10/contigs_reports/nucmer_output/Durio_zibe_PilonPolished.all_snps to reduce disk space usage...
    saved to /pica/h1/zhiwei94/Genome-Analysis/analyses/07_Pilon_polish/quast_results/results_2018_05_01_20_05_10/contigs_reports/nucmer_output/Durio_zibe_PilonPolished.all_snps.gz
  Creating total report...
    saved to /pica/h1/zhiwei94/Genome-Analysis/analyses/07_Pilon_polish/quast_results/results_2018_05_01_20_05_10/contigs_reports/misassemblies_report.txt, misassemblies_report.tsv, and misassemblies_report.tex
  Transposed version of total report...
    saved to /pica/h1/zhiwei94/Genome-Analysis/analyses/07_Pilon_polish/quast_results/results_2018_05_01_20_05_10/contigs_reports/transposed_report_misassemblies.txt, transposed_report_misassemblies.tsv, and transposed_report_misassemblies.tex
  Creating total report...
    saved to /pica/h1/zhiwei94/Genome-Analysis/analyses/07_Pilon_polish/quast_results/results_2018_05_01_20_05_10/contigs_reports/unaligned_report.txt, unaligned_report.tsv, and unaligned_report.tex
  Drawing misassemblies by types plot...
    saved to /pica/h1/zhiwei94/Genome-Analysis/analyses/07_Pilon_polish/quast_results/results_2018_05_01_20_05_10/contigs_reports/misassemblies_plot.pdf
  Drawing misassemblies FRCurve plot...
    saved to /pica/h1/zhiwei94/Genome-Analysis/analyses/07_Pilon_polish/quast_results/results_2018_05_01_20_05_10/contigs_reports/misassemblies_frcurve_plot.pdf
Done.

2018-05-01 20:10:02
Running NA-NGA calculation...
  Durio_zibe_PilonPolished, Largest alignment = 2007280, NA50 = 125398, NGA50 = 265789, LA50 = 46, LGA50 = 25
  Drawing cumulative plot...
    saved to /pica/h1/zhiwei94/Genome-Analysis/analyses/07_Pilon_polish/quast_results/results_2018_05_01_20_05_10/aligned_stats/cumulative_plot.pdf
  Drawing NAx plot...
    saved to /pica/h1/zhiwei94/Genome-Analysis/analyses/07_Pilon_polish/quast_results/results_2018_05_01_20_05_10/aligned_stats/NAx_plot.pdf
  Drawing NGAx plot...
    saved to /pica/h1/zhiwei94/Genome-Analysis/analyses/07_Pilon_polish/quast_results/results_2018_05_01_20_05_10/aligned_stats/NGAx_plot.pdf
Done.

2018-05-01 20:10:05
Running Genome analyzer...
  NOTICE: No file with genes provided. Use the -G option if you want to specify it.
  NOTICE: No file with operons provided. Use the -O option if you want to specify it.
  Durio_zibe_PilonPolished
  Analysis is finished.
  Skipping drawing Genome fraction, % histogram... (less than 2 columns histogram makes no sense)
Done.

NOTICE: Genes are not predicted by default. Use --gene-finding option to enable it.

2018-05-01 20:10:20
Creating large visual summaries...
This may take a while: press Ctrl-C to skip this step..
  1 of 2: Creating Icarus viewers...
  2 of 2: Creating PDF with all tables and plots...
Done

2018-05-01 20:10:24
RESULTS:
  Text versions of total report are saved to /pica/h1/zhiwei94/Genome-Analysis/analyses/07_Pilon_polish/quast_results/results_2018_05_01_20_05_10/report.txt, report.tsv, and report.tex
  Text versions of transposed total report are saved to /pica/h1/zhiwei94/Genome-Analysis/analyses/07_Pilon_polish/quast_results/results_2018_05_01_20_05_10/transposed_report.txt, transposed_report.tsv, and transposed_report.tex
  HTML version (interactive tables and plots) saved to /pica/h1/zhiwei94/Genome-Analysis/analyses/07_Pilon_polish/quast_results/results_2018_05_01_20_05_10/report.html
  PDF version (tables and plots) is saved to /pica/h1/zhiwei94/Genome-Analysis/analyses/07_Pilon_polish/quast_results/results_2018_05_01_20_05_10/report.pdf
  Icarus (contig browser) is saved to /pica/h1/zhiwei94/Genome-Analysis/analyses/07_Pilon_polish/quast_results/results_2018_05_01_20_05_10/icarus.html
  Log saved to /pica/h1/zhiwei94/Genome-Analysis/analyses/07_Pilon_polish/quast_results/results_2018_05_01_20_05_10/quast.log

Finished: 2018-05-01 20:10:24
Elapsed time: 0:05:14.478763
NOTICEs: 4; WARNINGs: 0; non-fatal ERRORs: 0

Thank you for using QUAST!
