Started analysis of SRR6040095_scaffold_11.1.fastq.gz
Approx 5% complete for SRR6040095_scaffold_11.1.fastq.gz
Approx 10% complete for SRR6040095_scaffold_11.1.fastq.gz
Approx 15% complete for SRR6040095_scaffold_11.1.fastq.gz
Approx 20% complete for SRR6040095_scaffold_11.1.fastq.gz
Approx 25% complete for SRR6040095_scaffold_11.1.fastq.gz
Approx 30% complete for SRR6040095_scaffold_11.1.fastq.gz
Approx 35% complete for SRR6040095_scaffold_11.1.fastq.gz
Approx 40% complete for SRR6040095_scaffold_11.1.fastq.gz
Approx 45% complete for SRR6040095_scaffold_11.1.fastq.gz
Approx 50% complete for SRR6040095_scaffold_11.1.fastq.gz
Approx 55% complete for SRR6040095_scaffold_11.1.fastq.gz
Approx 60% complete for SRR6040095_scaffold_11.1.fastq.gz
Approx 65% complete for SRR6040095_scaffold_11.1.fastq.gz
Approx 70% complete for SRR6040095_scaffold_11.1.fastq.gz
Approx 75% complete for SRR6040095_scaffold_11.1.fastq.gz
Approx 80% complete for SRR6040095_scaffold_11.1.fastq.gz
Approx 85% complete for SRR6040095_scaffold_11.1.fastq.gz
Approx 90% complete for SRR6040095_scaffold_11.1.fastq.gz
Approx 95% complete for SRR6040095_scaffold_11.1.fastq.gz
Analysis complete for SRR6040095_scaffold_11.1.fastq.gz
Started analysis of SRR6040095_scaffold_11.2.fastq.gz
Approx 5% complete for SRR6040095_scaffold_11.2.fastq.gz
Approx 10% complete for SRR6040095_scaffold_11.2.fastq.gz
Approx 15% complete for SRR6040095_scaffold_11.2.fastq.gz
Approx 20% complete for SRR6040095_scaffold_11.2.fastq.gz
Approx 25% complete for SRR6040095_scaffold_11.2.fastq.gz
Approx 30% complete for SRR6040095_scaffold_11.2.fastq.gz
Approx 35% complete for SRR6040095_scaffold_11.2.fastq.gz
Approx 40% complete for SRR6040095_scaffold_11.2.fastq.gz
Approx 45% complete for SRR6040095_scaffold_11.2.fastq.gz
Approx 50% complete for SRR6040095_scaffold_11.2.fastq.gz
Approx 55% complete for SRR6040095_scaffold_11.2.fastq.gz
Approx 60% complete for SRR6040095_scaffold_11.2.fastq.gz
Approx 65% complete for SRR6040095_scaffold_11.2.fastq.gz
Approx 70% complete for SRR6040095_scaffold_11.2.fastq.gz
Approx 75% complete for SRR6040095_scaffold_11.2.fastq.gz
Approx 80% complete for SRR6040095_scaffold_11.2.fastq.gz
Approx 85% complete for SRR6040095_scaffold_11.2.fastq.gz
Approx 90% complete for SRR6040095_scaffold_11.2.fastq.gz
Approx 95% complete for SRR6040095_scaffold_11.2.fastq.gz
Analysis complete for SRR6040095_scaffold_11.2.fastq.gz
Archive:  SRR6040095_scaffold_11.1_fastqc.zip
   creating: SRR6040095_scaffold_11.1_fastqc/
   creating: SRR6040095_scaffold_11.1_fastqc/Icons/
   creating: SRR6040095_scaffold_11.1_fastqc/Images/
  inflating: SRR6040095_scaffold_11.1_fastqc/Icons/fastqc_icon.png  
  inflating: SRR6040095_scaffold_11.1_fastqc/Icons/warning.png  
  inflating: SRR6040095_scaffold_11.1_fastqc/Icons/error.png  
  inflating: SRR6040095_scaffold_11.1_fastqc/Icons/tick.png  
  inflating: SRR6040095_scaffold_11.1_fastqc/summary.txt  
  inflating: SRR6040095_scaffold_11.1_fastqc/Images/per_base_quality.png  
  inflating: SRR6040095_scaffold_11.1_fastqc/Images/per_tile_quality.png  
  inflating: SRR6040095_scaffold_11.1_fastqc/Images/per_sequence_quality.png  
  inflating: SRR6040095_scaffold_11.1_fastqc/Images/per_base_sequence_content.png  
  inflating: SRR6040095_scaffold_11.1_fastqc/Images/per_sequence_gc_content.png  
  inflating: SRR6040095_scaffold_11.1_fastqc/Images/per_base_n_content.png  
  inflating: SRR6040095_scaffold_11.1_fastqc/Images/sequence_length_distribution.png  
  inflating: SRR6040095_scaffold_11.1_fastqc/Images/duplication_levels.png  
  inflating: SRR6040095_scaffold_11.1_fastqc/Images/adapter_content.png  
  inflating: SRR6040095_scaffold_11.1_fastqc/Images/kmer_profiles.png  
  inflating: SRR6040095_scaffold_11.1_fastqc/fastqc_report.html  
  inflating: SRR6040095_scaffold_11.1_fastqc/fastqc_data.txt  
  inflating: SRR6040095_scaffold_11.1_fastqc/fastqc.fo  
Archive:  SRR6040095_scaffold_11.2_fastqc.zip
   creating: SRR6040095_scaffold_11.2_fastqc/
   creating: SRR6040095_scaffold_11.2_fastqc/Icons/
   creating: SRR6040095_scaffold_11.2_fastqc/Images/
  inflating: SRR6040095_scaffold_11.2_fastqc/Icons/fastqc_icon.png  
  inflating: SRR6040095_scaffold_11.2_fastqc/Icons/warning.png  
  inflating: SRR6040095_scaffold_11.2_fastqc/Icons/error.png  
  inflating: SRR6040095_scaffold_11.2_fastqc/Icons/tick.png  
  inflating: SRR6040095_scaffold_11.2_fastqc/summary.txt  
  inflating: SRR6040095_scaffold_11.2_fastqc/Images/per_base_quality.png  
  inflating: SRR6040095_scaffold_11.2_fastqc/Images/per_tile_quality.png  
  inflating: SRR6040095_scaffold_11.2_fastqc/Images/per_sequence_quality.png  
  inflating: SRR6040095_scaffold_11.2_fastqc/Images/per_base_sequence_content.png  
  inflating: SRR6040095_scaffold_11.2_fastqc/Images/per_sequence_gc_content.png  
  inflating: SRR6040095_scaffold_11.2_fastqc/Images/per_base_n_content.png  
  inflating: SRR6040095_scaffold_11.2_fastqc/Images/sequence_length_distribution.png  
  inflating: SRR6040095_scaffold_11.2_fastqc/Images/duplication_levels.png  
  inflating: SRR6040095_scaffold_11.2_fastqc/Images/adapter_content.png  
  inflating: SRR6040095_scaffold_11.2_fastqc/Images/kmer_profiles.png  
  inflating: SRR6040095_scaffold_11.2_fastqc/fastqc_report.html  
  inflating: SRR6040095_scaffold_11.2_fastqc/fastqc_data.txt  
  inflating: SRR6040095_scaffold_11.2_fastqc/fastqc.fo  
