
[2018-04-28 20:52:39] Beginning TopHat run (v2.1.1)
-----------------------------------------------
[2018-04-28 20:52:39] Checking for Bowtie
		  Bowtie version:	 2.3.3.1
[2018-04-28 20:52:39] Checking for Bowtie index files (genome)..
[2018-04-28 20:52:39] Checking for reference FASTA file
[2018-04-28 20:52:39] Generating SAM header for /home/zhiwei94/Genome-Analysis/analyses/05_Tophat_Mapping_RNA/durio_zibe/05_Tophat_Mapping_RNA
[2018-04-28 20:52:40] Preparing reads
	 left reads: min. length=50, max. length=101, 507696 kept reads (23 discarded)
	right reads: min. length=50, max. length=101, 507719 kept reads (0 discarded)
[2018-04-28 20:53:06] Mapping left_kept_reads to genome 05_Tophat_Mapping_RNA with Bowtie2 
[2018-04-28 20:54:30] Mapping left_kept_reads_seg1 to genome 05_Tophat_Mapping_RNA with Bowtie2 (1/4)
[2018-04-28 20:54:36] Mapping left_kept_reads_seg2 to genome 05_Tophat_Mapping_RNA with Bowtie2 (2/4)
[2018-04-28 20:54:42] Mapping left_kept_reads_seg3 to genome 05_Tophat_Mapping_RNA with Bowtie2 (3/4)
[2018-04-28 20:54:49] Mapping left_kept_reads_seg4 to genome 05_Tophat_Mapping_RNA with Bowtie2 (4/4)
[2018-04-28 20:54:57] Mapping right_kept_reads to genome 05_Tophat_Mapping_RNA with Bowtie2 
[2018-04-28 20:56:20] Mapping right_kept_reads_seg1 to genome 05_Tophat_Mapping_RNA with Bowtie2 (1/4)
[2018-04-28 20:56:25] Mapping right_kept_reads_seg2 to genome 05_Tophat_Mapping_RNA with Bowtie2 (2/4)
[2018-04-28 20:56:31] Mapping right_kept_reads_seg3 to genome 05_Tophat_Mapping_RNA with Bowtie2 (3/4)
[2018-04-28 20:56:37] Mapping right_kept_reads_seg4 to genome 05_Tophat_Mapping_RNA with Bowtie2 (4/4)
[2018-04-28 20:56:45] Searching for junctions via segment mapping
[2018-04-28 20:57:04] Retrieving sequences for splices
[2018-04-28 20:57:04] Indexing splices
Building a SMALL index
[2018-04-28 20:57:05] Mapping left_kept_reads_seg1 to genome segment_juncs with Bowtie2 (1/4)
[2018-04-28 20:57:09] Mapping left_kept_reads_seg2 to genome segment_juncs with Bowtie2 (2/4)
[2018-04-28 20:57:12] Mapping left_kept_reads_seg3 to genome segment_juncs with Bowtie2 (3/4)
[2018-04-28 20:57:15] Mapping left_kept_reads_seg4 to genome segment_juncs with Bowtie2 (4/4)
[2018-04-28 20:57:19] Joining segment hits
[2018-04-28 20:57:29] Mapping right_kept_reads_seg1 to genome segment_juncs with Bowtie2 (1/4)
[2018-04-28 20:57:33] Mapping right_kept_reads_seg2 to genome segment_juncs with Bowtie2 (2/4)
[2018-04-28 20:57:36] Mapping right_kept_reads_seg3 to genome segment_juncs with Bowtie2 (3/4)
[2018-04-28 20:57:39] Mapping right_kept_reads_seg4 to genome segment_juncs with Bowtie2 (4/4)
[2018-04-28 20:57:43] Joining segment hits
[2018-04-28 20:57:53] Reporting output tracks
-----------------------------------------------
[2018-04-28 20:58:57] A summary of the alignment counts can be found in /home/zhiwei94/Genome-Analysis/analyses/05_Tophat_Mapping_RNA/sampleSRR6040097_out/align_summary.txt
[2018-04-28 20:58:57] Run complete: 00:06:17 elapsed
