/sw/apps/bioinfo/quast/4.5.4/rackham/bin/quast.py /home/zhiwei94/Genome-Analysis/analyses/01_PacBio_genome_assembly/durian-pacbio/durian.contigs.fasta -R /home/zhiwei94/Genome-Analysis/analyses/01_PacBio_genome_assembly/contig_download/sequence.fasta

Version: 4.5.4

System information:
  OS: Linux-3.10.0-693.21.1.el7.x86_64-x86_64-with-centos-7.4.1708-Core (linux_64)
  Python version: 2.7.6
  CPUs number: 20

Started: 2018-04-25 15:46:47

Logging to /pica/h1/zhiwei94/Genome-Analysis/analyses/03_PacBio_AssemblyQC/quast_results/results_2018_04_25_15_46_47/quast.log
NOTICE: Maximum number of threads is set to 5 (use --threads option to set it manually)

CWD: /pica/h1/zhiwei94/Genome-Analysis/analyses/03_PacBio_AssemblyQC
Main parameters: 
  Threads: 5, minimum contig length: 500, ambiguity: one, threshold for extensive misassembly size: 1000

Reference:
  /home/zhiwei94/Genome-Analysis/analyses/01_PacBio_genome_assembly/contig_download/sequence.fasta ==> sequence

Contigs:
  Pre-processing...
  /home/zhiwei94/Genome-Analysis/analyses/01_PacBio_genome_assembly/durian-pacbio/durian.contigs.fasta ==> durian.contigs

2018-04-25 15:46:51
Running Basic statistics processor...
  Reference genome:
    sequence.fasta, length = 23775123, num fragments = 1, GC % = 30.18
  Contig files: 
    durian.contigs
  Calculating N50 and L50...
    durian.contigs, N50 = 286878, L50 = 26, Total length = 31329483, GC % = 31.03, # N's per 100 kbp =  0.00
  Drawing Nx plot...
    saved to /pica/h1/zhiwei94/Genome-Analysis/analyses/03_PacBio_AssemblyQC/quast_results/results_2018_04_25_15_46_47/basic_stats/Nx_plot.pdf
  Drawing NGx plot...
    saved to /pica/h1/zhiwei94/Genome-Analysis/analyses/03_PacBio_AssemblyQC/quast_results/results_2018_04_25_15_46_47/basic_stats/NGx_plot.pdf
  Drawing cumulative plot...
    saved to /pica/h1/zhiwei94/Genome-Analysis/analyses/03_PacBio_AssemblyQC/quast_results/results_2018_04_25_15_46_47/basic_stats/cumulative_plot.pdf
  Drawing GC content plot...
    saved to /pica/h1/zhiwei94/Genome-Analysis/analyses/03_PacBio_AssemblyQC/quast_results/results_2018_04_25_15_46_47/basic_stats/GC_content_plot.pdf
  Drawing durian.contigs GC content plot...
    saved to /pica/h1/zhiwei94/Genome-Analysis/analyses/03_PacBio_AssemblyQC/quast_results/results_2018_04_25_15_46_47/basic_stats/durian.contigs_GC_content_plot.pdf
Done.

2018-04-25 15:46:56
Running Contig analyzer...
  durian.contigs
  Logging to files /pica/h1/zhiwei94/Genome-Analysis/analyses/03_PacBio_AssemblyQC/quast_results/results_2018_04_25_15_46_47/contigs_reports/contigs_report_durian-contigs.stdout and contigs_report_durian-contigs.stderr...
  Aligning contigs to the reference
  /sw/apps/bioinfo/quast/4.5.4/rackham/lib/python2.7/site-packages/quast_libs/MUMmer/nucmer \
  -c 65 -l 65 --maxmatch -p quast_results/results_2018_04_25_15_46_47/contigs_reports/nucmer_output/durian-contigs \
  --emem -t 5 quast_results/results_2018_04_25_15_46_47/quast_corrected_input/sequence.fasta \
  quast_results/results_2018_04_25_15_46_47/quast_corrected_input/durian-contigs.fasta \
  >> quast_results/results_2018_04_25_15_46_47/contigs_reports/contigs_report_durian-contigs.stdout \
  2>> quast_results/results_2018_04_25_15_46_47/contigs_reports/contigs_report_durian-contigs.stderr
  /sw/apps/bioinfo/quast/4.5.4/rackham/lib/python2.7/site-packages/quast_libs/MUMmer/delta-filter \
  -i 95.0 -l 0 quast_results/results_2018_04_25_15_46_47/contigs_reports/nucmer_output/durian-contigs.delta \
  > quast_results/results_2018_04_25_15_46_47/contigs_reports/nucmer_output/durian-contigs.fdelta \
  2> quast_results/results_2018_04_25_15_46_47/contigs_reports/contigs_report_durian-contigs.stderr
  /sw/apps/bioinfo/quast/4.5.4/rackham/lib/python2.7/site-packages/quast_libs/MUMmer/mummerplot \
  --html --layout -p quast_results/results_2018_04_25_15_46_47/contigs_reports/nucmer_output/durian-contigs \
  quast_results/results_2018_04_25_15_46_47/contigs_reports/nucmer_output/durian-contigs.delta \
  > quast_results/results_2018_04_25_15_46_47/contigs_reports/contigs_report_durian-contigs.stdout \
  2> quast_results/results_2018_04_25_15_46_47/contigs_reports/contigs_report_durian-contigs.stderr
  /sw/apps/bioinfo/quast/4.5.4/rackham/lib/python2.7/site-packages/quast_libs/gnuplot/src/gnuplot \
  quast_results/results_2018_04_25_15_46_47/contigs_reports/nucmer_output/durian-contigs.gp \
  > /dev/null 2> quast_results/results_2018_04_25_15_46_47/contigs_reports/contigs_report_durian-contigs.stderr
  MUMmer plot saved to /pica/h1/zhiwei94/Genome-Analysis/analyses/03_PacBio_AssemblyQC/quast_results/results_2018_04_25_15_46_47/contigs_reports/durian-contigs_mummerplot.html
  /sw/apps/bioinfo/quast/4.5.4/rackham/lib/python2.7/site-packages/quast_libs/MUMmer/show-coords \
  quast_results/results_2018_04_25_15_46_47/contigs_reports/nucmer_output/durian-contigs.delta \
  > quast_results/results_2018_04_25_15_46_47/contigs_reports/nucmer_output/durian-contigs.coords_tmp \
  2> quast_results/results_2018_04_25_15_46_47/contigs_reports/contigs_report_durian-contigs.stderr
  /sw/apps/bioinfo/quast/4.5.4/rackham/lib/python2.7/site-packages/quast_libs/MUMmer/show-snps \
  -S -T -H quast_results/results_2018_04_25_15_46_47/contigs_reports/nucmer_output/durian-contigs.delta \
  < quast_results/results_2018_04_25_15_46_47/contigs_reports/nucmer_output/durian-contigs.coords.headless \
  > quast_results/results_2018_04_25_15_46_47/contigs_reports/nucmer_output/durian-contigs.all_snps \
  2> quast_results/results_2018_04_25_15_46_47/contigs_reports/contigs_report_durian-contigs.stderr
  Analysis is finished.

  Gzipping /pica/h1/zhiwei94/Genome-Analysis/analyses/03_PacBio_AssemblyQC/quast_results/results_2018_04_25_15_46_47/contigs_reports/nucmer_output/durian-contigs.all_snps to reduce disk space usage...
    saved to /pica/h1/zhiwei94/Genome-Analysis/analyses/03_PacBio_AssemblyQC/quast_results/results_2018_04_25_15_46_47/contigs_reports/nucmer_output/durian-contigs.all_snps.gz
  Creating total report...
    saved to /pica/h1/zhiwei94/Genome-Analysis/analyses/03_PacBio_AssemblyQC/quast_results/results_2018_04_25_15_46_47/contigs_reports/misassemblies_report.txt, misassemblies_report.tsv, and misassemblies_report.tex
  Transposed version of total report...
    saved to /pica/h1/zhiwei94/Genome-Analysis/analyses/03_PacBio_AssemblyQC/quast_results/results_2018_04_25_15_46_47/contigs_reports/transposed_report_misassemblies.txt, transposed_report_misassemblies.tsv, and transposed_report_misassemblies.tex
  Creating total report...
    saved to /pica/h1/zhiwei94/Genome-Analysis/analyses/03_PacBio_AssemblyQC/quast_results/results_2018_04_25_15_46_47/contigs_reports/unaligned_report.txt, unaligned_report.tsv, and unaligned_report.tex
  Drawing misassemblies by types plot...
    saved to /pica/h1/zhiwei94/Genome-Analysis/analyses/03_PacBio_AssemblyQC/quast_results/results_2018_04_25_15_46_47/contigs_reports/misassemblies_plot.pdf
  Drawing misassemblies FRCurve plot...
    saved to /pica/h1/zhiwei94/Genome-Analysis/analyses/03_PacBio_AssemblyQC/quast_results/results_2018_04_25_15_46_47/contigs_reports/misassemblies_frcurve_plot.pdf
Done.

2018-04-25 15:49:41
Running NA-NGA calculation...
  durian.contigs, Largest alignment = 2007113, NA50 = 125325, NGA50 = 265801, LA50 = 46, LGA50 = 25
  Drawing cumulative plot...
    saved to /pica/h1/zhiwei94/Genome-Analysis/analyses/03_PacBio_AssemblyQC/quast_results/results_2018_04_25_15_46_47/aligned_stats/cumulative_plot.pdf
  Drawing NAx plot...
    saved to /pica/h1/zhiwei94/Genome-Analysis/analyses/03_PacBio_AssemblyQC/quast_results/results_2018_04_25_15_46_47/aligned_stats/NAx_plot.pdf
  Drawing NGAx plot...
    saved to /pica/h1/zhiwei94/Genome-Analysis/analyses/03_PacBio_AssemblyQC/quast_results/results_2018_04_25_15_46_47/aligned_stats/NGAx_plot.pdf
Done.

2018-04-25 15:49:44
Running Genome analyzer...
  NOTICE: No file with genes provided. Use the -G option if you want to specify it.
  NOTICE: No file with operons provided. Use the -O option if you want to specify it.
  durian.contigs
  Analysis is finished.
  Skipping drawing Genome fraction, % histogram... (less than 2 columns histogram makes no sense)
Done.

NOTICE: Genes are not predicted by default. Use --gene-finding option to enable it.

2018-04-25 15:49:54
Creating large visual summaries...
This may take a while: press Ctrl-C to skip this step..
  1 of 2: Creating Icarus viewers...
  2 of 2: Creating PDF with all tables and plots...
Done

2018-04-25 15:49:57
RESULTS:
  Text versions of total report are saved to /pica/h1/zhiwei94/Genome-Analysis/analyses/03_PacBio_AssemblyQC/quast_results/results_2018_04_25_15_46_47/report.txt, report.tsv, and report.tex
  Text versions of transposed total report are saved to /pica/h1/zhiwei94/Genome-Analysis/analyses/03_PacBio_AssemblyQC/quast_results/results_2018_04_25_15_46_47/transposed_report.txt, transposed_report.tsv, and transposed_report.tex
  HTML version (interactive tables and plots) saved to /pica/h1/zhiwei94/Genome-Analysis/analyses/03_PacBio_AssemblyQC/quast_results/results_2018_04_25_15_46_47/report.html
  PDF version (tables and plots) is saved to /pica/h1/zhiwei94/Genome-Analysis/analyses/03_PacBio_AssemblyQC/quast_results/results_2018_04_25_15_46_47/report.pdf
  Icarus (contig browser) is saved to /pica/h1/zhiwei94/Genome-Analysis/analyses/03_PacBio_AssemblyQC/quast_results/results_2018_04_25_15_46_47/icarus.html
  Log saved to /pica/h1/zhiwei94/Genome-Analysis/analyses/03_PacBio_AssemblyQC/quast_results/results_2018_04_25_15_46_47/quast.log

Finished: 2018-04-25 15:49:58
Elapsed time: 0:03:10.660039
NOTICEs: 4; WARNINGs: 0; non-fatal ERRORs: 0

Thank you for using QUAST!
